<?xml version="1.0" encoding="UTF-8"?>
<robot generator="Robot 7.3.2 (Python 3.12.2 on darwin)" generated="2025-08-16T09:13:52.745045" rpa="false" schemaversion="5">
<suite id="s1" name="Checkout" source="/Users/mac/Documents/RobotFramewoRK/E-commerce App/TestSuite/Checkout.robot">
<test id="s1-t1" name="Checkout_Produtcs" line="14">
<kw name="Login to Application" owner="Key_Login_Keywords" type="SETUP">
<kw name="Open Browser and Maximize Window" owner="Common_Keywords">
<kw name="Open Browser" owner="SeleniumLibrary">
<msg time="2025-08-16T09:13:52.945639" level="INFO">Opening browser 'Chrome' to base url 'https://tutorialsninja.com/demo/'.</msg>
<arg>${url}</arg>
<arg>Chrome</arg>
<doc>Opens a new browser instance to the optional ``url``.</doc>
<status status="PASS" start="2025-08-16T09:13:52.945419" elapsed="4.340235"/>
</kw>
<kw name="Maximize Browser Window" owner="SeleniumLibrary">
<doc>Maximizes current browser window.</doc>
<status status="PASS" start="2025-08-16T09:13:57.286343" elapsed="0.361132"/>
</kw>
<doc>Opens the browser and maximizes the window</doc>
<status status="PASS" start="2025-08-16T09:13:52.944825" elapsed="4.702893"/>
</kw>
<kw name="Run Keyword And Return Status" owner="BuiltIn">
<kw name="Wait Until Element Is Visible" owner="SeleniumLibrary">
<arg>${MY_ACCOUNT}</arg>
<arg>timeout=${timeout_thirty_seconds}</arg>
<doc>Waits until the element ``locator`` is visible.</doc>
<status status="PASS" start="2025-08-16T09:13:57.648787" elapsed="0.019419"/>
</kw>
<msg time="2025-08-16T09:13:57.668411" level="INFO">${status} = True</msg>
<var>${status}</var>
<arg>Wait Until Element Is Visible</arg>
<arg>${MY_ACCOUNT}</arg>
<arg>timeout=${timeout_thirty_seconds}</arg>
<doc>Runs the given keyword with given arguments and returns the status as a Boolean value.</doc>
<status status="PASS" start="2025-08-16T09:13:57.648369" elapsed="0.020158"/>
</kw>
<while condition="not ${status}" limit="4">
<iter>
<kw name="Close All Browsers" owner="SeleniumLibrary">
<doc>Closes all open browsers and resets the browser cache.</doc>
<status status="NOT RUN" start="2025-08-16T09:13:57.669115" elapsed="0.000064"/>
</kw>
<kw name="Wait for Specified timeout" owner="Common_Keywords">
<arg>${timeout_ten_seconds}</arg>
<status status="NOT RUN" start="2025-08-16T09:13:57.669365" elapsed="0.000066"/>
</kw>
<kw name="Open Browser and Maximize Window" owner="Common_Keywords">
<doc>Opens the browser and maximizes the window</doc>
<status status="NOT RUN" start="2025-08-16T09:13:57.669557" elapsed="0.000049"/>
</kw>
<kw name="Run Keyword And Return Status" owner="BuiltIn">
<var>${status}</var>
<arg>Wait Until Element Is Visible</arg>
<arg>${MY_ACCOUNT}</arg>
<arg>timeout=${timeout_ten_seconds}</arg>
<doc>Runs the given keyword with given arguments and returns the status as a Boolean value.</doc>
<status status="NOT RUN" start="2025-08-16T09:13:57.669725" elapsed="0.000058"/>
</kw>
<status status="NOT RUN" start="2025-08-16T09:13:57.668619" elapsed="0.001213"/>
</iter>
<status status="NOT RUN" start="2025-08-16T09:13:57.668617" elapsed="0.001269"/>
</while>
<kw name="Click Element" owner="SeleniumLibrary">
<msg time="2025-08-16T09:13:57.670397" level="INFO">Clicking element '//a[@title='My Account']'.</msg>
<arg>${MY_ACCOUNT}</arg>
<doc>Click the element identified by ``locator``.</doc>
<status status="PASS" start="2025-08-16T09:13:57.670017" elapsed="0.047635"/>
</kw>
<kw name="Click Element" owner="SeleniumLibrary">
<msg time="2025-08-16T09:13:57.718441" level="INFO">Clicking element '//a[text()='Login']'.</msg>
<arg>${LOGIN_LIST_LINK}</arg>
<doc>Click the element identified by ``locator``.</doc>
<status status="PASS" start="2025-08-16T09:13:57.718158" elapsed="0.197061"/>
</kw>
<kw name="Input Text" owner="SeleniumLibrary">
<msg time="2025-08-16T09:13:57.916522" level="INFO">Typing text 'testeracc123@gmail.com' into text field '//input[@name="email"]'.</msg>
<arg>${USERNAME_FIELD}</arg>
<arg>${username}</arg>
<doc>Types the given ``text`` into the text field identified by ``locator``.</doc>
<status status="PASS" start="2025-08-16T09:13:57.915544" elapsed="0.166860"/>
</kw>
<kw name="Input Text" owner="SeleniumLibrary">
<msg time="2025-08-16T09:13:58.083333" level="INFO">Typing text 'Nandini93@' into text field '//input[@name="password"]'.</msg>
<arg>${PASSWORD_FIELD}</arg>
<arg>${password}</arg>
<doc>Types the given ``text`` into the text field identified by ``locator``.</doc>
<status status="PASS" start="2025-08-16T09:13:58.082848" elapsed="0.073477"/>
</kw>
<kw name="Click Button" owner="SeleniumLibrary">
<msg time="2025-08-16T09:13:58.157285" level="INFO">Clicking button '//input[@value="Login"]'.</msg>
<arg>${LOGIN_BUTTON}</arg>
<doc>Clicks the button identified by ``locator``.</doc>
<status status="PASS" start="2025-08-16T09:13:58.156812" elapsed="0.054310"/>
</kw>
<arg>${testuser}</arg>
<arg>${testpassword}</arg>
<status status="PASS" start="2025-08-16T09:13:52.944441" elapsed="5.266841"/>
</kw>
<kw name="Search product in Search Bar" owner="Product_Display_Keywords">
<kw name="Input text in field" owner="Common_Keywords">
<kw name="Create Dynamic Xpath" owner="Common_Keywords">
<if>
<branch type="IF" condition="${single_value_replacement}">
<kw name="Replace String" owner="String">
<msg time="2025-08-16T09:13:58.213447" level="INFO">${final_xpath} = //input[@name="search"]</msg>
<var>${final_xpath}</var>
<arg>${xpath}</arg>
<arg>VALUE_PLACEHOLDER</arg>
<arg>${value_to_replace}</arg>
<doc>Replaces ``search_for`` in the given ``string`` with ``replace_with``.</doc>
<status status="PASS" start="2025-08-16T09:13:58.213255" elapsed="0.000285"/>
</kw>
<status status="PASS" start="2025-08-16T09:13:58.213030" elapsed="0.000579"/>
</branch>
<branch type="ELSE">
<kw name="Replace String" owner="String">
<var>${final_replaced_xpath}</var>
<arg>${xpath}</arg>
<arg>KEY_PLACEHOLDER</arg>
<arg>${key_to_replace}</arg>
<doc>Replaces ``search_for`` in the given ``string`` with ``replace_with``.</doc>
<status status="NOT RUN" start="2025-08-16T09:13:58.213782" elapsed="0.000060"/>
</kw>
<kw name="Replace String" owner="String">
<var>${final_xpath}</var>
<arg>${final_replaced_xpath}</arg>
<arg>VALUE_PLACEHOLDER</arg>
<arg>${value_to_replace}</arg>
<doc>Replaces ``search_for`` in the given ``string`` with ``replace_with``.</doc>
<status status="NOT RUN" start="2025-08-16T09:13:58.213946" elapsed="0.000049"/>
</kw>
<status status="NOT RUN" start="2025-08-16T09:13:58.213668" elapsed="0.000378"/>
</branch>
<status status="PASS" start="2025-08-16T09:13:58.213006" elapsed="0.001089"/>
</if>
<return>
<value>${final_xpath}</value>
<status status="PASS" start="2025-08-16T09:13:58.214127" elapsed="0.000122"/>
</return>
<msg time="2025-08-16T09:13:58.214416" level="INFO">${input_xpath} = //input[@name="search"]</msg>
<var>${input_xpath}</var>
<arg>${GENERIC_INPUT_NAME}</arg>
<arg>${input_name_field}</arg>
<doc>Keyword to create dynamic xpath replacing single string or two string</doc>
<status status="PASS" start="2025-08-16T09:13:58.212375" elapsed="0.002113"/>
</kw>
<kw name="Run Keyword And Ignore Error" owner="BuiltIn">
<kw name="Scroll Element Into View" owner="SeleniumLibrary">
<arg>${input_xpath}</arg>
<doc>Scrolls the element identified by ``locator`` into view.</doc>
<status status="PASS" start="2025-08-16T09:13:58.215946" elapsed="1.021717"/>
</kw>
<arg>Scroll Element Into View</arg>
<arg>${input_xpath}</arg>
<doc>Runs the given keyword with the given arguments and ignores possible error.</doc>
<status status="PASS" start="2025-08-16T09:13:58.214967" elapsed="1.022831"/>
</kw>
<kw name="Wait Until Element Is Visible" owner="SeleniumLibrary">
<arg>locator=${input_xpath}</arg>
<arg>timeout=${timeout_ten_seconds}</arg>
<doc>Waits until the element ``locator`` is visible.</doc>
<status status="PASS" start="2025-08-16T09:13:59.237958" elapsed="0.014306"/>
</kw>
<kw name="Wait for Specified timeout" owner="Common_Keywords">
<kw name="Run Keyword And Ignore Error" owner="BuiltIn">
<kw name="//h1[@class='dummy']">
<msg time="2025-08-16T09:13:59.256673" level="FAIL">No keyword with name '//h1[@class='dummy']' found.</msg>
<arg>${timeout}</arg>
<status status="FAIL" start="2025-08-16T09:13:59.256541" elapsed="0.000857">No keyword with name '//h1[@class='dummy']' found.</status>
</kw>
<arg>${DUMMY_LOC}</arg>
<arg>${timeout}</arg>
<doc>Runs the given keyword with the given arguments and ignores possible error.</doc>
<status status="PASS" start="2025-08-16T09:13:59.253176" elapsed="0.004970"/>
</kw>
<arg>${timeout_five_seconds}</arg>
<status status="PASS" start="2025-08-16T09:13:59.252840" elapsed="0.005467"/>
</kw>
<kw name="Input Text" owner="SeleniumLibrary">
<msg time="2025-08-16T09:13:59.259152" level="INFO">Typing text 'iMac' into text field '//input[@name="search"]'.</msg>
<arg>${input_xpath}</arg>
<arg>${product_name}</arg>
<doc>Types the given ``text`` into the text field identified by ``locator``.</doc>
<status status="PASS" start="2025-08-16T09:13:59.258476" elapsed="0.051153"/>
</kw>
<arg>${product_name}</arg>
<arg>${input_name_field}</arg>
<doc>Inputs text in the specified input field</doc>
<status status="PASS" start="2025-08-16T09:13:58.212057" elapsed="1.097731"/>
</kw>
<kw name="Click button_name" owner="Common_Keywords">
<kw name="Create Dynamic Xpath" owner="Common_Keywords">
<if>
<branch type="IF" condition="${single_value_replacement}">
<kw name="Replace String" owner="String">
<msg time="2025-08-16T09:13:59.312321" level="INFO">${final_xpath} = //button[@class="btn btn-default btn-lg"]</msg>
<var>${final_xpath}</var>
<arg>${xpath}</arg>
<arg>VALUE_PLACEHOLDER</arg>
<arg>${value_to_replace}</arg>
<doc>Replaces ``search_for`` in the given ``string`` with ``replace_with``.</doc>
<status status="PASS" start="2025-08-16T09:13:59.311884" elapsed="0.000641"/>
</kw>
<status status="PASS" start="2025-08-16T09:13:59.311575" elapsed="0.001052"/>
</branch>
<branch type="ELSE">
<kw name="Replace String" owner="String">
<var>${final_replaced_xpath}</var>
<arg>${xpath}</arg>
<arg>KEY_PLACEHOLDER</arg>
<arg>${key_to_replace}</arg>
<doc>Replaces ``search_for`` in the given ``string`` with ``replace_with``.</doc>
<status status="NOT RUN" start="2025-08-16T09:13:59.313202" elapsed="0.000281"/>
</kw>
<kw name="Replace String" owner="String">
<var>${final_xpath}</var>
<arg>${final_replaced_xpath}</arg>
<arg>VALUE_PLACEHOLDER</arg>
<arg>${value_to_replace}</arg>
<doc>Replaces ``search_for`` in the given ``string`` with ``replace_with``.</doc>
<status status="NOT RUN" start="2025-08-16T09:13:59.313897" elapsed="0.000169"/>
</kw>
<status status="NOT RUN" start="2025-08-16T09:13:59.312838" elapsed="0.001317"/>
</branch>
<status status="PASS" start="2025-08-16T09:13:59.311550" elapsed="0.002743"/>
</if>
<return>
<value>${final_xpath}</value>
<status status="PASS" start="2025-08-16T09:13:59.314344" elapsed="0.000099"/>
</return>
<msg time="2025-08-16T09:13:59.314646" level="INFO">${buttton_xpath} = //button[@class="btn btn-default btn-lg"]</msg>
<var>${buttton_xpath}</var>
<arg>${GENERIC_BUTTON}</arg>
<arg>${button_name}</arg>
<doc>Keyword to create dynamic xpath replacing single string or two string</doc>
<status status="PASS" start="2025-08-16T09:13:59.310628" elapsed="0.004100"/>
</kw>
<kw name="Wait Until Page Contains Element" owner="SeleniumLibrary">
<arg>${buttton_xpath}</arg>
<arg>timeout=${timeout_ten_seconds}</arg>
<doc>Waits until the element ``locator`` appears on the current page.</doc>
<status status="PASS" start="2025-08-16T09:13:59.315068" elapsed="0.009115"/>
</kw>
<kw name="Run Keyword And Return Status" owner="BuiltIn">
<kw name="Scroll Element Into View" owner="SeleniumLibrary">
<arg>${buttton_xpath}</arg>
<doc>Scrolls the element identified by ``locator`` into view.</doc>
<status status="PASS" start="2025-08-16T09:13:59.324617" elapsed="0.271840"/>
</kw>
<msg time="2025-08-16T09:13:59.596696" level="INFO">${status} = True</msg>
<var>${status}</var>
<arg>Scroll Element Into View</arg>
<arg>${buttton_xpath}</arg>
<doc>Runs the given keyword with given arguments and returns the status as a Boolean value.</doc>
<status status="PASS" start="2025-08-16T09:13:59.324421" elapsed="0.272443"/>
</kw>
<kw name="Run Keyword If" owner="BuiltIn">
<arg>${status}==${False}</arg>
<arg>Repeat Keyword</arg>
<arg>${retry_ten_times}</arg>
<arg>Press Keys</arg>
<arg>${None}</arg>
<arg>PAGE_DOWN</arg>
<doc>Runs the given keyword with the given arguments, if ``condition`` is true.</doc>
<status status="PASS" start="2025-08-16T09:13:59.597048" elapsed="0.000443"/>
</kw>
<try>
<branch type="TRY">
<kw name="Click Element" owner="SeleniumLibrary">
<msg time="2025-08-16T09:13:59.598219" level="INFO">Clicking element '//button[@class="btn btn-default btn-lg"]'.</msg>
<arg>${buttton_xpath}</arg>
<doc>Click the element identified by ``locator``.</doc>
<status status="PASS" start="2025-08-16T09:13:59.598026" elapsed="0.260480"/>
</kw>
<status status="PASS" start="2025-08-16T09:13:59.597783" elapsed="0.260950"/>
</branch>
<branch type="EXCEPT">
<pattern>SeleniumLibrary.ElementNotFound</pattern>
<kw name="Click Element Using Javascript Executor" owner="Common_Keywords">
<arg>${buttton_xpath}</arg>
<status status="NOT RUN" start="2025-08-16T09:13:59.859741" elapsed="0.000324"/>
</kw>
<status status="NOT RUN" start="2025-08-16T09:13:59.858915" elapsed="0.001490"/>
</branch>
<status status="PASS" start="2025-08-16T09:13:59.597717" elapsed="0.263222"/>
</try>
<arg>${button_name}</arg>
<arg>${GENERIC_BUTTON}</arg>
<doc>Clicks the button with the specified name</doc>
<status status="PASS" start="2025-08-16T09:13:59.310093" elapsed="0.550997"/>
</kw>
<arg>${product_to_search}</arg>
<arg>${input_name_field}</arg>
<doc>Searches for the specified product in the search bar</doc>
<status status="PASS" start="2025-08-16T09:13:58.211694" elapsed="1.649651"/>
</kw>
<kw name="Click Add To cart" owner="AddToCart_Keywords">
<kw name="Wait Until Element Is Visible" owner="SeleniumLibrary">
<arg>${ADD_TO_CART}</arg>
<doc>Waits until the element ``locator`` is visible.</doc>
<status status="PASS" start="2025-08-16T09:13:59.862692" elapsed="0.014165"/>
</kw>
<kw name="Click Element" owner="SeleniumLibrary">
<msg time="2025-08-16T09:13:59.877320" level="INFO">Clicking element '//span[text()="Add to Cart"]'.</msg>
<arg>${ADD_TO_CART}</arg>
<doc>Click the element identified by ``locator``.</doc>
<status status="PASS" start="2025-08-16T09:13:59.877092" elapsed="0.042848"/>
</kw>
<status status="PASS" start="2025-08-16T09:13:59.862191" elapsed="0.058021"/>
</kw>
<kw name="Click Dynamic Xpath Element" owner="Common_Keywords">
<kw name="Create Dynamic Xpath" owner="Common_Keywords">
<if>
<branch type="IF" condition="${single_value_replacement}">
<kw name="Replace String" owner="String">
<msg time="2025-08-16T09:13:59.922833" level="INFO">${final_xpath} = //div[@id="top-links"]//i[@class="fa fa-shopping-cart"]</msg>
<var>${final_xpath}</var>
<arg>${xpath}</arg>
<arg>VALUE_PLACEHOLDER</arg>
<arg>${value_to_replace}</arg>
<doc>Replaces ``search_for`` in the given ``string`` with ``replace_with``.</doc>
<status status="PASS" start="2025-08-16T09:13:59.922582" elapsed="0.000442"/>
</kw>
<status status="PASS" start="2025-08-16T09:13:59.922267" elapsed="0.000975"/>
</branch>
<branch type="ELSE">
<kw name="Replace String" owner="String">
<var>${final_replaced_xpath}</var>
<arg>${xpath}</arg>
<arg>KEY_PLACEHOLDER</arg>
<arg>${key_to_replace}</arg>
<doc>Replaces ``search_for`` in the given ``string`` with ``replace_with``.</doc>
<status status="NOT RUN" start="2025-08-16T09:13:59.923581" elapsed="0.000063"/>
</kw>
<kw name="Replace String" owner="String">
<var>${final_xpath}</var>
<arg>${final_replaced_xpath}</arg>
<arg>VALUE_PLACEHOLDER</arg>
<arg>${value_to_replace}</arg>
<doc>Replaces ``search_for`` in the given ``string`` with ``replace_with``.</doc>
<status status="NOT RUN" start="2025-08-16T09:13:59.924029" elapsed="0.000134"/>
</kw>
<status status="NOT RUN" start="2025-08-16T09:13:59.923421" elapsed="0.001133"/>
</branch>
<status status="PASS" start="2025-08-16T09:13:59.922246" elapsed="0.002386"/>
</if>
<return>
<value>${final_xpath}</value>
<status status="PASS" start="2025-08-16T09:13:59.924669" elapsed="0.000077"/>
</return>
<msg time="2025-08-16T09:13:59.924903" level="INFO">${xpath} = //div[@id="top-links"]//i[@class="fa fa-shopping-cart"]</msg>
<var>${xpath}</var>
<arg>${element_locator}</arg>
<arg>${value_to_replace}</arg>
<doc>Keyword to create dynamic xpath replacing single string or two string</doc>
<status status="PASS" start="2025-08-16T09:13:59.921473" elapsed="0.003571"/>
</kw>
<kw name="Run Keyword And Return Status" owner="BuiltIn">
<kw name="Wait Until Element Is Visible" owner="SeleniumLibrary">
<arg>${xpath}</arg>
<arg>timeout=${timeout_ten_seconds}</arg>
<doc>Waits until the element ``locator`` is visible.</doc>
<status status="PASS" start="2025-08-16T09:13:59.925368" elapsed="0.012105"/>
</kw>
<msg time="2025-08-16T09:13:59.937727" level="INFO">${status} = True</msg>
<var>${status}</var>
<arg>Wait Until Element Is Visible</arg>
<arg>${xpath}</arg>
<arg>timeout=${timeout_ten_seconds}</arg>
<doc>Runs the given keyword with given arguments and returns the status as a Boolean value.</doc>
<status status="PASS" start="2025-08-16T09:13:59.925196" elapsed="0.012600"/>
</kw>
<if>
<branch type="IF" condition="${status}">
<kw name="Scroll Element Into View" owner="SeleniumLibrary">
<arg>${xpath}</arg>
<doc>Scrolls the element identified by ``locator`` into view.</doc>
<status status="PASS" start="2025-08-16T09:13:59.938100" elapsed="0.265820"/>
</kw>
<kw name="Wait for Specified timeout" owner="Common_Keywords">
<kw name="Run Keyword And Ignore Error" owner="BuiltIn">
<kw name="//h1[@class='dummy']">
<msg time="2025-08-16T09:14:00.206645" level="FAIL">No keyword with name '//h1[@class='dummy']' found.</msg>
<arg>${timeout}</arg>
<status status="FAIL" start="2025-08-16T09:14:00.206552" elapsed="0.000169">No keyword with name '//h1[@class='dummy']' found.</status>
</kw>
<arg>${DUMMY_LOC}</arg>
<arg>${timeout}</arg>
<doc>Runs the given keyword with the given arguments and ignores possible error.</doc>
<status status="PASS" start="2025-08-16T09:14:00.204666" elapsed="0.002133"/>
</kw>
<arg>${timeout_five_seconds}</arg>
<status status="PASS" start="2025-08-16T09:14:00.204215" elapsed="0.002654"/>
</kw>
<kw name="Run Keyword And Return Status" owner="BuiltIn">
<kw name="Click Element" owner="SeleniumLibrary">
<msg time="2025-08-16T09:14:00.207332" level="INFO">Clicking element '//div[@id="top-links"]//i[@class="fa fa-shopping-cart"]'.</msg>
<arg>${xpath}</arg>
<doc>Click the element identified by ``locator``.</doc>
<status status="PASS" start="2025-08-16T09:14:00.207161" elapsed="0.220728"/>
</kw>
<msg time="2025-08-16T09:14:00.428115" level="INFO">${status1} = True</msg>
<var>${status1}</var>
<arg>Click Element</arg>
<arg>${xpath}</arg>
<doc>Runs the given keyword with given arguments and returns the status as a Boolean value.</doc>
<status status="PASS" start="2025-08-16T09:14:00.206998" elapsed="0.221200"/>
</kw>
<if>
<branch type="IF" condition="${status1}==$False">
<kw name="Click Element Using Javascript Executor" owner="Common_Keywords">
<arg>${xpath}</arg>
<status status="NOT RUN" start="2025-08-16T09:14:00.432406" elapsed="0.000712"/>
</kw>
<status status="NOT RUN" start="2025-08-16T09:14:00.428311" elapsed="0.004903"/>
</branch>
<status status="PASS" start="2025-08-16T09:14:00.428287" elapsed="0.005149"/>
</if>
<status status="PASS" start="2025-08-16T09:13:59.937898" elapsed="0.495578"/>
</branch>
<status status="PASS" start="2025-08-16T09:13:59.937876" elapsed="0.495677"/>
</if>
<arg>${GENERIC_TOP_LINK}</arg>
<arg>${shopping_cart_class}</arg>
<status status="PASS" start="2025-08-16T09:13:59.920847" elapsed="0.512763"/>
</kw>
<kw name="Click Dynamic Xpath Element" owner="Common_Keywords">
<kw name="Create Dynamic Xpath" owner="Common_Keywords">
<if>
<branch type="IF" condition="${single_value_replacement}">
<kw name="Replace String" owner="String">
<msg time="2025-08-16T09:14:00.440316" level="INFO">${final_xpath} = //a[@class="btn btn-primary"]</msg>
<var>${final_xpath}</var>
<arg>${xpath}</arg>
<arg>VALUE_PLACEHOLDER</arg>
<arg>${value_to_replace}</arg>
<doc>Replaces ``search_for`` in the given ``string`` with ``replace_with``.</doc>
<status status="PASS" start="2025-08-16T09:14:00.439957" elapsed="0.000483"/>
</kw>
<status status="PASS" start="2025-08-16T09:14:00.439069" elapsed="0.001454"/>
</branch>
<branch type="ELSE">
<kw name="Replace String" owner="String">
<var>${final_replaced_xpath}</var>
<arg>${xpath}</arg>
<arg>KEY_PLACEHOLDER</arg>
<arg>${key_to_replace}</arg>
<doc>Replaces ``search_for`` in the given ``string`` with ``replace_with``.</doc>
<status status="NOT RUN" start="2025-08-16T09:14:00.440753" elapsed="0.000065"/>
</kw>
<kw name="Replace String" owner="String">
<var>${final_xpath}</var>
<arg>${final_replaced_xpath}</arg>
<arg>VALUE_PLACEHOLDER</arg>
<arg>${value_to_replace}</arg>
<doc>Replaces ``search_for`` in the given ``string`` with ``replace_with``.</doc>
<status status="NOT RUN" start="2025-08-16T09:14:00.441031" elapsed="0.000094"/>
</kw>
<status status="NOT RUN" start="2025-08-16T09:14:00.440589" elapsed="0.000608"/>
</branch>
<status status="PASS" start="2025-08-16T09:14:00.439041" elapsed="0.002214"/>
</if>
<return>
<value>${final_xpath}</value>
<status status="PASS" start="2025-08-16T09:14:00.441288" elapsed="0.000071"/>
</return>
<msg time="2025-08-16T09:14:00.441494" level="INFO">${xpath} = //a[@class="btn btn-primary"]</msg>
<var>${xpath}</var>
<arg>${element_locator}</arg>
<arg>${value_to_replace}</arg>
<doc>Keyword to create dynamic xpath replacing single string or two string</doc>
<status status="PASS" start="2025-08-16T09:14:00.437537" elapsed="0.004026"/>
</kw>
<kw name="Run Keyword And Return Status" owner="BuiltIn">
<kw name="Wait Until Element Is Visible" owner="SeleniumLibrary">
<arg>${xpath}</arg>
<arg>timeout=${timeout_ten_seconds}</arg>
<doc>Waits until the element ``locator`` is visible.</doc>
<status status="PASS" start="2025-08-16T09:14:00.441869" elapsed="0.012444"/>
</kw>
<msg time="2025-08-16T09:14:00.454630" level="INFO">${status} = True</msg>
<var>${status}</var>
<arg>Wait Until Element Is Visible</arg>
<arg>${xpath}</arg>
<arg>timeout=${timeout_ten_seconds}</arg>
<doc>Runs the given keyword with given arguments and returns the status as a Boolean value.</doc>
<status status="PASS" start="2025-08-16T09:14:00.441702" elapsed="0.013064"/>
</kw>
<if>
<branch type="IF" condition="${status}">
<kw name="Scroll Element Into View" owner="SeleniumLibrary">
<arg>${xpath}</arg>
<doc>Scrolls the element identified by ``locator`` into view.</doc>
<status status="PASS" start="2025-08-16T09:14:00.455233" elapsed="0.266556"/>
</kw>
<kw name="Wait for Specified timeout" owner="Common_Keywords">
<kw name="Run Keyword And Ignore Error" owner="BuiltIn">
<kw name="//h1[@class='dummy']">
<msg time="2025-08-16T09:14:00.724383" level="FAIL">No keyword with name '//h1[@class='dummy']' found.</msg>
<arg>${timeout}</arg>
<status status="FAIL" start="2025-08-16T09:14:00.724297" elapsed="0.000157">No keyword with name '//h1[@class='dummy']' found.</status>
</kw>
<arg>${DUMMY_LOC}</arg>
<arg>${timeout}</arg>
<doc>Runs the given keyword with the given arguments and ignores possible error.</doc>
<status status="PASS" start="2025-08-16T09:14:00.722334" elapsed="0.002195"/>
</kw>
<arg>${timeout_five_seconds}</arg>
<status status="PASS" start="2025-08-16T09:14:00.722041" elapsed="0.002556"/>
</kw>
<kw name="Run Keyword And Return Status" owner="BuiltIn">
<kw name="Click Element" owner="SeleniumLibrary">
<msg time="2025-08-16T09:14:00.725033" level="INFO">Clicking element '//a[@class="btn btn-primary"]'.</msg>
<arg>${xpath}</arg>
<doc>Click the element identified by ``locator``.</doc>
<status status="PASS" start="2025-08-16T09:14:00.724873" elapsed="0.326776"/>
</kw>
<msg time="2025-08-16T09:14:01.051882" level="INFO">${status1} = True</msg>
<var>${status1}</var>
<arg>Click Element</arg>
<arg>${xpath}</arg>
<doc>Runs the given keyword with given arguments and returns the status as a Boolean value.</doc>
<status status="PASS" start="2025-08-16T09:14:00.724718" elapsed="0.327238"/>
</kw>
<if>
<branch type="IF" condition="${status1}==$False">
<kw name="Click Element Using Javascript Executor" owner="Common_Keywords">
<arg>${xpath}</arg>
<status status="NOT RUN" start="2025-08-16T09:14:01.052616" elapsed="0.000181"/>
</kw>
<status status="NOT RUN" start="2025-08-16T09:14:01.052059" elapsed="0.001015"/>
</branch>
<status status="PASS" start="2025-08-16T09:14:01.052037" elapsed="0.001121"/>
</if>
<status status="PASS" start="2025-08-16T09:14:00.454961" elapsed="0.598225"/>
</branch>
<status status="PASS" start="2025-08-16T09:14:00.454920" elapsed="0.598319"/>
</if>
<arg>${GENERIC_A_CLASS}</arg>
<arg>${checkout_class}</arg>
<status status="PASS" start="2025-08-16T09:14:00.433894" elapsed="0.619392"/>
</kw>
<kw name="Verify &quot;${product_to_search}&quot; is not available" owner="Checkout_Keywords" source_name="Verify &quot;${product_search}&quot; is not available">
<kw name="Create Dynamic Xpath" owner="Common_Keywords">
<if>
<branch type="IF" condition="${single_value_replacement}">
<kw name="Replace String" owner="String">
<msg time="2025-08-16T09:14:01.055517" level="INFO">${final_xpath} = //div[@class="alert alert-danger alert-dismissible"]</msg>
<var>${final_xpath}</var>
<arg>${xpath}</arg>
<arg>VALUE_PLACEHOLDER</arg>
<arg>${value_to_replace}</arg>
<doc>Replaces ``search_for`` in the given ``string`` with ``replace_with``.</doc>
<status status="PASS" start="2025-08-16T09:14:01.055179" elapsed="0.000446"/>
</kw>
<status status="PASS" start="2025-08-16T09:14:01.054987" elapsed="0.000715"/>
</branch>
<branch type="ELSE">
<kw name="Replace String" owner="String">
<var>${final_replaced_xpath}</var>
<arg>${xpath}</arg>
<arg>KEY_PLACEHOLDER</arg>
<arg>${key_to_replace}</arg>
<doc>Replaces ``search_for`` in the given ``string`` with ``replace_with``.</doc>
<status status="NOT RUN" start="2025-08-16T09:14:01.055978" elapsed="0.000084"/>
</kw>
<kw name="Replace String" owner="String">
<var>${final_xpath}</var>
<arg>${final_replaced_xpath}</arg>
<arg>VALUE_PLACEHOLDER</arg>
<arg>${value_to_replace}</arg>
<doc>Replaces ``search_for`` in the given ``string`` with ``replace_with``.</doc>
<status status="NOT RUN" start="2025-08-16T09:14:01.056204" elapsed="0.000076"/>
</kw>
<status status="NOT RUN" start="2025-08-16T09:14:01.055761" elapsed="0.000781"/>
</branch>
<status status="PASS" start="2025-08-16T09:14:01.054969" elapsed="0.001636"/>
</if>
<return>
<value>${final_xpath}</value>
<status status="PASS" start="2025-08-16T09:14:01.056637" elapsed="0.000068"/>
</return>
<msg time="2025-08-16T09:14:01.056836" level="INFO">${PRODUCT_NOT_AVAILABLE_XP} = //div[@class="alert alert-danger alert-dismissible"]</msg>
<var>${PRODUCT_NOT_AVAILABLE_XP}</var>
<arg>${GENERIC_DIV_CLASS}</arg>
<arg>${product_not_available_class}</arg>
<doc>Keyword to create dynamic xpath replacing single string or two string</doc>
<status status="PASS" start="2025-08-16T09:14:01.054214" elapsed="0.003910"/>
</kw>
<kw name="Get Text" owner="SeleniumLibrary">
<msg time="2025-08-16T09:14:01.079372" level="INFO">${actual_product_not_available_text} = Products marked with *** are not available in the desired quantity or not in stock!
×</msg>
<var>${actual_product_not_available_text}</var>
<arg>${PRODUCT_NOT_AVAILABLE_XP}</arg>
<doc>Returns the text value of the element identified by ``locator``.</doc>
<status status="PASS" start="2025-08-16T09:14:01.058380" elapsed="0.021136"/>
</kw>
<kw name="Should Contain" owner="BuiltIn">
<arg>${actual_product_not_available_text}</arg>
<arg>${expected_product_not_available}</arg>
<doc>Fails if ``container`` does not contain ``item`` one or more times.</doc>
<status status="PASS" start="2025-08-16T09:14:01.079719" elapsed="0.000216"/>
</kw>
<doc>Keyword to verify product is not available</doc>
<status status="PASS" start="2025-08-16T09:14:01.053854" elapsed="0.026165"/>
</kw>
<kw name="Capture Whole Page Screenshot" owner="Common_Keywords">
<kw name="Execute Javascript" owner="SeleniumLibrary">
<msg time="2025-08-16T09:14:01.081134" level="INFO">Executing JavaScript:
"document.body.style.zoom='50%';"
Without any arguments.</msg>
<arg>"document.body.style.zoom='${zoom_in}';"</arg>
<doc>Executes the given JavaScript code with possible arguments.</doc>
<status status="PASS" start="2025-08-16T09:14:01.080758" elapsed="0.004479"/>
</kw>
<kw name="Get Current Date" owner="DateTime">
<msg time="2025-08-16T09:14:01.085699" level="INFO">${timestamp} = 20250816091401</msg>
<var>${timestamp}</var>
<arg>result_format=%Y%m%d%H%M%S</arg>
<doc>Returns current local or UTC time with an optional increment.</doc>
<status status="PASS" start="2025-08-16T09:14:01.085450" elapsed="0.000328"/>
</kw>
<kw name="Capture Page Screenshot" owner="SeleniumLibrary">
<msg time="2025-08-16T09:14:01.210175" level="INFO" html="true">&lt;/td&gt;&lt;/tr&gt;&lt;tr&gt;&lt;td colspan="3"&gt;&lt;a href="ProductNotAvailable_20250816091401.png"&gt;&lt;img src="ProductNotAvailable_20250816091401.png" width="800px"&gt;&lt;/a&gt;</msg>
<msg time="2025-08-16T09:14:01.210387" level="INFO">${SCREENSHOT_PATH} = /Users/mac/Documents/RobotFramework/ProductNotAvailable_20250816091401.png</msg>
<var>${SCREENSHOT_PATH}</var>
<arg>${name}_${timestamp}.png</arg>
<doc>Takes a screenshot of the current page and embeds it into a log file.</doc>
<status status="PASS" start="2025-08-16T09:14:01.085969" elapsed="0.124480"/>
</kw>
<kw name="Execute Javascript" owner="SeleniumLibrary">
<msg time="2025-08-16T09:14:01.210949" level="INFO">Executing JavaScript:
"document.body.style.zoom='100%';"
Without any arguments.</msg>
<arg>"document.body.style.zoom='100%';"</arg>
<doc>Executes the given JavaScript code with possible arguments.</doc>
<status status="PASS" start="2025-08-16T09:14:01.210622" elapsed="0.003876"/>
</kw>
<return>
<value>${SCREENSHOT_PATH}</value>
<status status="PASS" start="2025-08-16T09:14:01.214644" elapsed="0.000189"/>
</return>
<arg>ProductNotAvailable</arg>
<status status="PASS" start="2025-08-16T09:14:01.080465" elapsed="0.134543"/>
</kw>
<kw name="Close All Browsers" owner="SeleniumLibrary" type="TEARDOWN">
<doc>Closes all open browsers and resets the browser cache.</doc>
<status status="PASS" start="2025-08-16T09:14:01.215356" elapsed="0.111204"/>
</kw>
<doc>&lt;b&gt;Objective:&lt;/b&gt;
Verify checkout process
&lt;b&gt;Pre-requisite&lt;/b&gt;
User must have access and logged into application
&lt;b&gt;Requirement Coverage&lt;/b&gt;
JIRA-344</doc>
<tag>Checkout</tag>
<tag>Sanity</tag>
<status status="PASS" start="2025-08-16T09:13:52.943353" elapsed="8.383546"/>
</test>
<status status="PASS" start="2025-08-16T09:13:52.747650" elapsed="8.579853"/>
</suite>
<statistics>
<total>
<stat pass="1" fail="0" skip="0">All Tests</stat>
</total>
<tag>
<stat pass="1" fail="0" skip="0">Checkout</stat>
<stat pass="1" fail="0" skip="0">Sanity</stat>
</tag>
<suite>
<stat name="Checkout" id="s1" pass="1" fail="0" skip="0">Checkout</stat>
</suite>
</statistics>
<errors>
</errors>
</robot>
